生成启动时间为 2017/4/14 11:03:36。
     1>项目“D:\test_qrcode\qrencode\qeencode\qrencodeLib\qrencodeLib.vcxproj”在节点 2 上(Build 个目标)。
     1>ClCompile:
         C:\Program Files (x86)\Microsoft Visual Studio 12.0\VC\bin\CL.exe /c /Zi /nologo /W3 /WX- /sdl /O2 /Oi /Oy- /GL /D _MBCS /D _MBCS /D HAVE_CONFIG_H /Gm- /EHsc /MD /GS /Gy /fp:precise /Zc:wchar_t /Zc:forScope /Fo"Release\\" /Fd"Release\vc120.pdb" /Gd /TC /analyze- /errorReport:prompt "..\qrencode-3.4.4\bitstream.c" "..\qrencode-3.4.4\mask.c" "..\qrencode-3.4.4\mmask.c" "..\qrencode-3.4.4\mqrspec.c" "..\qrencode-3.4.4\qrencode.c" "..\qrencode-3.4.4\qrinput.c" "..\qrencode-3.4.4\qrspec.c" "..\qrencode-3.4.4\rscode.c" "..\qrencode-3.4.4\split.c"
         bitstream.c
         mask.c
         mmask.c
         mqrspec.c
         qrencode.c
         qrinput.c
         qrspec.c
         rscode.c
         split.c
     1>..\qrencode-3.4.4\split.c(45): warning C4273: “strdup”: dll 链接不一致
                 C:\Program Files (x86)\Microsoft Visual Studio 12.0\VC\include\string.h(245) : 参见“strdup”的前一个定义
       Lib:
         C:\Program Files (x86)\Microsoft Visual Studio 12.0\VC\bin\Lib.exe /OUT:"D:\test_qrcode\qrencode\qeencode\Release\qrencodeLib.lib" /NOLOGO /LTCG Release\bitstream.obj
         Release\mask.obj
         Release\mmask.obj
         Release\mqrspec.obj
         Release\qrencode.obj
         Release\qrinput.obj
         Release\qrspec.obj
         Release\rscode.obj
         Release\split.obj
         qrencodeLib.vcxproj -> D:\test_qrcode\qrencode\qeencode\Release\qrencodeLib.lib
     1>已完成生成项目“D:\test_qrcode\qrencode\qeencode\qrencodeLib\qrencodeLib.vcxproj”(Build 个目标)的操作。

生成成功。

已用时间 00:00:00.35
