d:\test_qrcode\qrencode\qeencode\qrencodelib\release\vc120.pdb
d:\test_qrcode\qrencode\qeencode\qrencodelib\release\split.obj
d:\test_qrcode\qrencode\qeencode\qrencodelib\release\rscode.obj
d:\test_qrcode\qrencode\qeencode\qrencodelib\release\qrspec.obj
d:\test_qrcode\qrencode\qeencode\qrencodelib\release\qrinput.obj
d:\test_qrcode\qrencode\qeencode\qrencodelib\release\qrencode.obj
d:\test_qrcode\qrencode\qeencode\qrencodelib\release\mqrspec.obj
d:\test_qrcode\qrencode\qeencode\qrencodelib\release\mmask.obj
d:\test_qrcode\qrencode\qeencode\qrencodelib\release\mask.obj
d:\test_qrcode\qrencode\qeencode\qrencodelib\release\bitstream.obj
d:\test_qrcode\qrencode\qeencode\release\qrencodelib.lib
d:\test_qrcode\qrencode\qeencode\qrencodelib\release\qrencodelib.tlog\cl.command.1.tlog
d:\test_qrcode\qrencode\qeencode\qrencodelib\release\qrencodelib.tlog\cl.read.1.tlog
d:\test_qrcode\qrencode\qeencode\qrencodelib\release\qrencodelib.tlog\cl.write.1.tlog
d:\test_qrcode\qrencode\qeencode\qrencodelib\release\qrencodelib.tlog\lib-link.read.1.tlog
d:\test_qrcode\qrencode\qeencode\qrencodelib\release\qrencodelib.tlog\lib-link.write.1.tlog
d:\test_qrcode\qrencode\qeencode\qrencodelib\release\qrencodelib.tlog\lib.command.1.tlog
d:\test_qrcode\qrencode\qeencode\qrencodelib\release\qrencodelib.tlog\link.command.1.tlog
d:\test_qrcode\qrencode\qeencode\qrencodelib\release\qrencodelib.tlog\link.read.1.tlog
d:\test_qrcode\qrencode\qeencode\qrencodelib\release\qrencodelib.tlog\link.write.1.tlog
